BEGIN;
BEGIN
EXPLAIN (ANALYZE, BUFFERS)
select
	sum(l_extendedprice) / 7.0 as avg_yearly
from
	lineitem,
	part
where
	p_partkey = l_partkey
	and p_brand = 'Brand#34'
	and p_container = 'LG DRUM'
	and l_quantity < (
		select
			0.2 * avg(l_quantity)
		from
			lineitem
		where
			l_partkey = p_partkey
	);
                                                                                               QUERY PLAN                                                                                               
--------------------------------------------------------------------------------------------------------------------------------------------------------------------------------------------------------
 Aggregate  (cost=355011.69..355011.70 rows=1 width=4) (actual time=841.559..841.559 rows=1 loops=1)
   Buffers: shared hit=52998 read=34163 dirtied=102 written=150
   ->  Nested Loop  (cost=130.19..354961.55 rows=20055 width=4) (actual time=0.871..840.602 rows=5648 loops=1)
         Buffers: shared hit=52998 read=34163 dirtied=102 written=150
         ->  Index Only Scan using part_p_container_p_brand_p_partkey_idx on part  (cost=0.43..7889.89 rows=1998 width=4) (actual time=0.164..38.466 rows=2074 loops=1)
               Index Cond: ((p_container = 'LG DRUM'::bpchar) AND (p_brand = 'Brand#34'::bpchar))
               Heap Fetches: 2074
               Buffers: shared read=2036 written=11
         ->  Index Scan using lineitem_l_partkey_l_quantity_l_shipmode_idx on lineitem  (cost=129.76..173.61 rows=10 width=12) (actual time=0.005..0.007 rows=3 loops=2074)
               Index Cond: ((l_partkey = part.p_partkey) AND (l_quantity < (SubPlan 1)))
               Buffers: shared hit=14000
               SubPlan 1
                 ->  Aggregate  (cost=129.19..129.20 rows=1 width=4) (actual time=0.377..0.377 rows=1 loops=2074)
                       Buffers: shared hit=38998 read=32127 dirtied=102 written=139
                       ->  Index Only Scan using lineitem_l_partkey_l_quantity_l_shipmode_idx on lineitem lineitem_1  (cost=0.56..129.11 rows=31 width=4) (actual time=0.037..0.368 rows=30 loops=2074)
                             Index Cond: (l_partkey = part.p_partkey)
                             Heap Fetches: 62492
                             Buffers: shared hit=38998 read=32127 dirtied=102 written=139
               SubPlan 1
                 ->  Aggregate  (cost=129.19..129.20 rows=1 width=4) (actual time=0.377..0.377 rows=1 loops=2074)
                       Buffers: shared hit=38998 read=32127 dirtied=102 written=139
                       ->  Index Only Scan using lineitem_l_partkey_l_quantity_l_shipmode_idx on lineitem lineitem_1  (cost=0.56..129.11 rows=31 width=4) (actual time=0.037..0.368 rows=30 loops=2074)
                             Index Cond: (l_partkey = part.p_partkey)
                             Heap Fetches: 62492
                             Buffers: shared hit=38998 read=32127 dirtied=102 written=139
 Planning time: 3.117 ms
 Execution time: 841.743 ms
(27 rows)

COMMIT;
COMMIT
