BEGIN;
BEGIN
EXPLAIN (ANALYZE, BUFFERS)
select
	sum(l_extendedprice) / 7.0 as avg_yearly
from
	lineitem,
	part
where
	p_partkey = l_partkey
	and p_brand = 'Brand#32'
	and p_container = 'LG PACK'
	and l_quantity < (
		select
			0.2 * avg(l_quantity)
		from
			lineitem
		where
			l_partkey = p_partkey
	);
                                                                                               QUERY PLAN                                                                                               
--------------------------------------------------------------------------------------------------------------------------------------------------------------------------------------------------------
 Aggregate  (cost=352177.55..352177.56 rows=1 width=4) (actual time=707.593..707.593 rows=1 loops=1)
   Buffers: shared hit=56786 read=28114 dirtied=169
   ->  Nested Loop  (cost=130.19..352127.81 rows=19894 width=4) (actual time=0.817..706.641 rows=5349 loops=1)
         Buffers: shared hit=56786 read=28114 dirtied=169
         ->  Index Only Scan using part_p_container_p_brand_p_partkey_idx on part  (cost=0.43..7829.59 rows=1982 width=4) (actual time=0.126..31.407 rows=2031 loops=1)
               Index Cond: ((p_container = 'LG PACK'::bpchar) AND (p_brand = 'Brand#32'::bpchar))
               Heap Fetches: 2031
               Buffers: shared hit=199 read=1801
         ->  Index Scan using lineitem_l_partkey_l_quantity_l_shipmode_idx on lineitem  (cost=129.76..173.61 rows=10 width=12) (actual time=0.005..0.007 rows=3 loops=2031)
               Index Cond: ((l_partkey = part.p_partkey) AND (l_quantity < (SubPlan 1)))
               Buffers: shared hit=13503
               SubPlan 1
                 ->  Aggregate  (cost=129.19..129.20 rows=1 width=4) (actual time=0.322..0.322 rows=1 loops=2031)
                       Buffers: shared hit=43084 read=26313 dirtied=169
                       ->  Index Only Scan using lineitem_l_partkey_l_quantity_l_shipmode_idx on lineitem lineitem_1  (cost=0.56..129.11 rows=31 width=4) (actual time=0.033..0.313 rows=30 loops=2031)
                             Index Cond: (l_partkey = part.p_partkey)
                             Heap Fetches: 60982
                             Buffers: shared hit=43084 read=26313 dirtied=169
               SubPlan 1
                 ->  Aggregate  (cost=129.19..129.20 rows=1 width=4) (actual time=0.322..0.322 rows=1 loops=2031)
                       Buffers: shared hit=43084 read=26313 dirtied=169
                       ->  Index Only Scan using lineitem_l_partkey_l_quantity_l_shipmode_idx on lineitem lineitem_1  (cost=0.56..129.11 rows=31 width=4) (actual time=0.033..0.313 rows=30 loops=2031)
                             Index Cond: (l_partkey = part.p_partkey)
                             Heap Fetches: 60982
                             Buffers: shared hit=43084 read=26313 dirtied=169
 Planning time: 3.093 ms
 Execution time: 707.779 ms
(27 rows)

COMMIT;
COMMIT
