BEGIN;
BEGIN
EXPLAIN (ANALYZE, BUFFERS)
select
	sum(l_extendedprice) / 7.0 as avg_yearly
from
	lineitem,
	part
where
	p_partkey = l_partkey
	and p_brand = 'Brand#23'
	and p_container = 'WRAP DRUM'
	and l_quantity < (
		select
			0.2 * avg(l_quantity)
		from
			lineitem
		where
			l_partkey = p_partkey
	);
                                                                                               QUERY PLAN                                                                                               
--------------------------------------------------------------------------------------------------------------------------------------------------------------------------------------------------------
 Aggregate  (cost=350052.29..350052.30 rows=1 width=4) (actual time=756.365..756.365 rows=1 loops=1)
   Buffers: shared hit=52511 read=32145 dirtied=370 written=294
   ->  Nested Loop  (cost=130.19..350002.51 rows=19912 width=4) (actual time=0.988..755.427 rows=5391 loops=1)
         Buffers: shared hit=52511 read=32145 dirtied=370 written=294
         ->  Index Only Scan using part_p_container_p_brand_p_partkey_idx on part  (cost=0.43..7781.37 rows=1970 width=4) (actual time=0.161..33.018 rows=2013 loops=1)
               Index Cond: ((p_container = 'WRAP DRUM'::bpchar) AND (p_brand = 'Brand#23'::bpchar))
               Heap Fetches: 2013
               Buffers: shared hit=40 read=1945 written=20
         ->  Index Scan using lineitem_l_partkey_l_quantity_l_shipmode_idx on lineitem  (cost=129.76..173.62 rows=10 width=12) (actual time=0.005..0.007 rows=3 loops=2013)
               Index Cond: ((l_partkey = part.p_partkey) AND (l_quantity < (SubPlan 1)))
               Buffers: shared hit=13489
               SubPlan 1
                 ->  Aggregate  (cost=129.19..129.20 rows=1 width=4) (actual time=0.349..0.349 rows=1 loops=2013)
                       Buffers: shared hit=38982 read=30200 dirtied=370 written=274
                       ->  Index Only Scan using lineitem_l_partkey_l_quantity_l_shipmode_idx on lineitem lineitem_1  (cost=0.56..129.11 rows=31 width=4) (actual time=0.034..0.340 rows=30 loops=2013)
                             Index Cond: (l_partkey = part.p_partkey)
                             Heap Fetches: 60844
                             Buffers: shared hit=38982 read=30200 dirtied=370 written=274
               SubPlan 1
                 ->  Aggregate  (cost=129.19..129.20 rows=1 width=4) (actual time=0.349..0.349 rows=1 loops=2013)
                       Buffers: shared hit=38982 read=30200 dirtied=370 written=274
                       ->  Index Only Scan using lineitem_l_partkey_l_quantity_l_shipmode_idx on lineitem lineitem_1  (cost=0.56..129.11 rows=31 width=4) (actual time=0.034..0.340 rows=30 loops=2013)
                             Index Cond: (l_partkey = part.p_partkey)
                             Heap Fetches: 60844
                             Buffers: shared hit=38982 read=30200 dirtied=370 written=274
 Planning time: 3.102 ms
 Execution time: 756.530 ms
(27 rows)

COMMIT;
COMMIT
