BEGIN;
BEGIN
EXPLAIN (ANALYZE, BUFFERS)
select
	s_name,
	count(*) as numwait
from
	supplier,
	lineitem l1,
	orders,
	nation
where
	s_suppkey = l1.l_suppkey
	and o_orderkey = l1.l_orderkey
	and o_orderstatus = 'F'
	and l1.l_receiptdate > l1.l_commitdate
	and exists (
		select
			*
		from
			lineitem l2
		where
			l2.l_orderkey = l1.l_orderkey
			and l2.l_suppkey <> l1.l_suppkey
	)
	and not exists (
		select
			*
		from
			lineitem l3
		where
			l3.l_orderkey = l1.l_orderkey
			and l3.l_suppkey <> l1.l_suppkey
			and l3.l_receiptdate > l3.l_commitdate
	)
	and s_nationkey = n_nationkey
	and n_name = 'IRAQ'
group by
	s_name
order by
	numwait desc,
	s_name
LIMIT 100;
                                                                                                 QUERY PLAN                                                                                                 
------------------------------------------------------------------------------------------------------------------------------------------------------------------------------------------------------------
 Limit  (cost=1954252.25..1954252.25 rows=1 width=26) (actual time=46032.871..46032.888 rows=100 loops=1)
   Buffers: shared hit=14725429 read=157227 dirtied=266 written=18
   ->  Sort  (cost=1954252.25..1954252.25 rows=1 width=26) (actual time=46032.867..46032.874 rows=100 loops=1)
         Sort Key: (count(*)), supplier.s_name
         Sort Method: top-N heapsort  Memory: 32kB
         Buffers: shared hit=14725429 read=157227 dirtied=266 written=18
         ->  HashAggregate  (cost=1954252.23..1954252.24 rows=1 width=26) (actual time=46029.695..46031.710 rows=4095 loops=1)
               Group Key: supplier.s_name
               Buffers: shared hit=14725421 read=157227 dirtied=266 written=18
               ->  Nested Loop Anti Join  (cost=2443.74..1954252.22 rows=1 width=26) (actual time=47.854..45942.791 rows=40913 loops=1)
                     Buffers: shared hit=14725421 read=157227 dirtied=266 written=18
                     ->  Nested Loop Semi Join  (cost=2443.17..1954250.91 rows=1 width=34) (actual time=47.834..42603.046 rows=723984 loops=1)
                           Join Filter: (orders.o_orderkey = l2.l_orderkey)
                           Buffers: shared hit=11097158 read=156935 dirtied=266 written=18
                           ->  Nested Loop  (cost=2442.61..1431875.14 rows=390981 width=38) (actual time=47.803..37379.989 rows=751361 loops=1)
                                 Buffers: shared hit=7364131 read=127460 dirtied=266 written=17
                                 ->  Hash Join  (cost=2442.17..1010431.90 rows=800611 width=34) (actual time=47.505..28238.571 rows=1554214 loops=1)
                                       Hash Cond: (l1.l_suppkey = supplier.s_suppkey)
                                       Buffers: shared hit=1147120 read=119168 dirtied=265 written=15
                                       ->  Index Scan using lineitem_l_orderkey_idx_part1 on lineitem l1  (cost=0.56..924926.90 rows=20015276 width=8) (actual time=0.115..17810.829 rows=37928797 loops=1)
                                             Buffers: shared hit=1146051 read=118384 dirtied=265 written=15
                                       ->  Hash  (cost=2391.61..2391.61 rows=4000 width=30) (actual time=47.295..47.295 rows=4095 loops=1)
                                             Buckets: 4096  Batches: 1  Memory Usage: 288kB
                                             Buffers: shared hit=1066 read=784
                                             ->  Nested Loop  (cost=79.29..2391.61 rows=4000 width=30) (actual time=1.252..44.700 rows=4095 loops=1)
                                                   Buffers: shared hit=1066 read=784
                                                   ->  Seq Scan on nation  (cost=0.00..1.31 rows=1 width=4) (actual time=0.011..0.023 rows=1 loops=1)
                                                         Filter: (n_name = 'IRAQ'::bpchar)
                                                         Rows Removed by Filter: 24
                                                         Buffers: shared hit=1
                                                   ->  Bitmap Heap Scan on supplier  (cost=79.29..2350.29 rows=4000 width=34) (actual time=1.234..42.959 rows=4095 loops=1)
                                                         Recheck Cond: (s_nationkey = nation.n_nationkey)
                                                         Heap Blocks: exact=1836
                                                         Buffers: shared hit=1065 read=784
                                                         ->  Bitmap Index Scan on supplier_s_nationkey_s_suppkey_idx  (cost=0.00..78.29 rows=4000 width=0) (actual time=0.927..0.927 rows=4095 loops=1)
                                                               Index Cond: (s_nationkey = nation.n_nationkey)
                                                               Buffers: shared read=13
                                 ->  Index Scan using pk_orders on orders  (cost=0.43..0.52 rows=1 width=4) (actual time=0.005..0.005 rows=0 loops=1554214)
                                       Index Cond: (o_orderkey = l1.l_orderkey)
                                       Filter: (o_orderstatus = 'F'::bpchar)
                                       Rows Removed by Filter: 1
                                       Buffers: shared hit=6217011 read=8292 dirtied=1 written=2
                           ->  Index Scan using pk_lineitem on lineitem l2  (cost=0.56..1.15 rows=15 width=8) (actual time=0.006..0.006 rows=1 loops=751361)
                                 Index Cond: (l_orderkey = l1.l_orderkey)
                                 Filter: (l_suppkey <> l1.l_suppkey)
                                 Rows Removed by Filter: 0
                                 Buffers: shared hit=3733027 read=29475 written=1
                     ->  Index Scan using lineitem_l_orderkey_idx_part1 on lineitem l3  (cost=0.56..0.91 rows=5 width=8) (actual time=0.004..0.004 rows=1 loops=723984)
                           Index Cond: (l_orderkey = l1.l_orderkey)
                           Filter: (l_suppkey <> l1.l_suppkey)
                           Rows Removed by Filter: 0
                           Buffers: shared hit=3628263 read=292
 Planning time: 10.363 ms
 Execution time: 46033.319 ms
(54 rows)

COMMIT;
COMMIT
