BEGIN;
BEGIN
EXPLAIN (ANALYZE, BUFFERS)
select
	sum(l_extendedprice) / 7.0 as avg_yearly
from
	lineitem,
	part
where
	p_partkey = l_partkey
	and p_brand = 'Brand#33'
	and p_container = 'MED PACK'
	and l_quantity < (
		select
			0.2 * avg(l_quantity)
		from
			lineitem
		where
			l_partkey = p_partkey
	);
                                                                                               QUERY PLAN                                                                                               
--------------------------------------------------------------------------------------------------------------------------------------------------------------------------------------------------------
 Aggregate  (cost=349691.58..349691.59 rows=1 width=4) (actual time=707.038..707.038 rows=1 loops=1)
   Buffers: shared hit=51489 read=32216 dirtied=54
   ->  Nested Loop  (cost=130.19..349642.29 rows=19715 width=4) (actual time=0.893..706.165 rows=5315 loops=1)
         Buffers: shared hit=51489 read=32216 dirtied=54
         ->  Index Only Scan using part_p_container_p_brand_p_partkey_idx on part  (cost=0.43..7773.33 rows=1968 width=4) (actual time=0.133..29.876 rows=1991 loops=1)
               Index Cond: ((p_container = 'MED PACK'::bpchar) AND (p_brand = 'Brand#33'::bpchar))
               Heap Fetches: 1991
               Buffers: shared hit=1 read=1951
         ->  Index Scan using lineitem_l_partkey_l_quantity_l_shipmode_idx on lineitem  (cost=129.76..173.61 rows=10 width=12) (actual time=0.005..0.006 rows=3 loops=1991)
               Index Cond: ((l_partkey = part.p_partkey) AND (l_quantity < (SubPlan 1)))
               Buffers: shared hit=13323
               SubPlan 1
                 ->  Aggregate  (cost=129.19..129.20 rows=1 width=4) (actual time=0.330..0.330 rows=1 loops=1991)
                       Buffers: shared hit=38165 read=30265 dirtied=54
                       ->  Index Only Scan using lineitem_l_partkey_l_quantity_l_shipmode_idx on lineitem lineitem_1  (cost=0.56..129.11 rows=31 width=4) (actual time=0.033..0.322 rows=30 loops=1991)
                             Index Cond: (l_partkey = part.p_partkey)
                             Heap Fetches: 60165
                             Buffers: shared hit=38165 read=30265 dirtied=54
               SubPlan 1
                 ->  Aggregate  (cost=129.19..129.20 rows=1 width=4) (actual time=0.330..0.330 rows=1 loops=1991)
                       Buffers: shared hit=38165 read=30265 dirtied=54
                       ->  Index Only Scan using lineitem_l_partkey_l_quantity_l_shipmode_idx on lineitem lineitem_1  (cost=0.56..129.11 rows=31 width=4) (actual time=0.033..0.322 rows=30 loops=1991)
                             Index Cond: (l_partkey = part.p_partkey)
                             Heap Fetches: 60165
                             Buffers: shared hit=38165 read=30265 dirtied=54
 Planning time: 3.295 ms
 Execution time: 707.218 ms
(27 rows)

COMMIT;
COMMIT
