BEGIN;
BEGIN
EXPLAIN (ANALYZE, BUFFERS)
select
	sum(l_extendedprice) / 7.0 as avg_yearly
from
	lineitem,
	part
where
	p_partkey = l_partkey
	and p_brand = 'Brand#22'
	and p_container = 'SM PACK'
	and l_quantity < (
		select
			0.2 * avg(l_quantity)
		from
			lineitem
		where
			l_partkey = p_partkey
	);
                                                                                               QUERY PLAN                                                                                               
--------------------------------------------------------------------------------------------------------------------------------------------------------------------------------------------------------
 Aggregate  (cost=356785.08..356785.09 rows=1 width=4) (actual time=832.483..832.483 rows=1 loops=1)
   Buffers: shared hit=51297 read=34468 dirtied=122 written=175
   ->  Nested Loop  (cost=130.19..356734.64 rows=20176 width=4) (actual time=0.751..831.473 rows=5467 loops=1)
         Buffers: shared hit=51297 read=34468 dirtied=122 written=175
         ->  Index Only Scan using part_p_container_p_brand_p_partkey_idx on part  (cost=0.43..7930.08 rows=2008 width=4) (actual time=0.126..27.266 rows=2032 loops=1)
               Index Cond: ((p_container = 'SM PACK'::bpchar) AND (p_brand = 'Brand#22'::bpchar))
               Heap Fetches: 2032
               Buffers: shared hit=647 read=1349 written=9
         ->  Index Scan using lineitem_l_partkey_l_quantity_l_shipmode_idx on lineitem  (cost=129.76..173.61 rows=10 width=12) (actual time=0.006..0.007 rows=3 loops=2032)
               Index Cond: ((l_partkey = part.p_partkey) AND (l_quantity < (SubPlan 1)))
               Buffers: shared hit=13640
               SubPlan 1
                 ->  Aggregate  (cost=129.19..129.20 rows=1 width=4) (actual time=0.385..0.385 rows=1 loops=2032)
                       Buffers: shared hit=37010 read=33119 dirtied=122 written=166
                       ->  Index Only Scan using lineitem_l_partkey_l_quantity_l_shipmode_idx on lineitem lineitem_1  (cost=0.56..129.11 rows=31 width=4) (actual time=0.039..0.375 rows=30 loops=2032)
                             Index Cond: (l_partkey = part.p_partkey)
                             Heap Fetches: 61708
                             Buffers: shared hit=37010 read=33119 dirtied=122 written=166
               SubPlan 1
                 ->  Aggregate  (cost=129.19..129.20 rows=1 width=4) (actual time=0.385..0.385 rows=1 loops=2032)
                       Buffers: shared hit=37010 read=33119 dirtied=122 written=166
                       ->  Index Only Scan using lineitem_l_partkey_l_quantity_l_shipmode_idx on lineitem lineitem_1  (cost=0.56..129.11 rows=31 width=4) (actual time=0.039..0.375 rows=30 loops=2032)
                             Index Cond: (l_partkey = part.p_partkey)
                             Heap Fetches: 61708
                             Buffers: shared hit=37010 read=33119 dirtied=122 written=166
 Planning time: 3.125 ms
 Execution time: 832.655 ms
(27 rows)

COMMIT;
COMMIT
